Arguments: 
  /usr/local/bin/node /usr/local/Cellar/yarn/1.22.17_2/libexec/bin/yarn.js

PATH: 
  /usr/local/bin:/System/Cryptexes/App/usr/bin:/usr/bin:/bin:/usr/sbin:/sbin:/Applications/VMware Fusion.app/Contents/Public:/usr/local/go/bin:/Library/Apple/usr/bin:/Library/Frameworks/Mono.framework/Versions/Current/Commands:/Users/oobiora/.cargo/bin:/Users/oobiora/.local/bin:/Users/oobiora/.local/bin

Yarn version: 
  1.22.17

Node version: 
  16.13.1

Platform: 
  darwin x64

Trace: 
  SyntaxError: /Users/oobiora/ZeroDao/zerodao/packages/node/package.json: Unexpected string in JSON at position 759
      at JSON.parse (<anonymous>)
      at /usr/local/Cellar/yarn/1.22.17_2/libexec/lib/cli.js:1625:59
      at Generator.next (<anonymous>)
      at step (/usr/local/Cellar/yarn/1.22.17_2/libexec/lib/cli.js:310:30)
      at /usr/local/Cellar/yarn/1.22.17_2/libexec/lib/cli.js:321:13

npm manifest: 
  {
    "name": "zerodao",
    "version": "0.1.0",
    "description": "zeroDAO monorepo",
    "repository": "https://github.com/zerodao-finance/zerodao",
    "scripts": {
      "contracts": "yarn workspace @zerodao/contracts",
      "protocol-old": "yarn workspace @zerodao/protocol"
    },
    "author": "zeroDAO",
    "license": "MIT",
    "private": true,
    "workspaces": [
      "packages/*"
    ],
    "dependencies": {
      "ts-node": "^10.9.1",
      "typescript": "^4.7.4"
    },
    "prettier": {
      "overrides": [
        {
          "files": "*.sol",
          "options": {
            "tabWidth": 2,
            "printWidth": 120,
            "bracketSpacing": true
          }
        }
      ]
    },
    "devDependencies": {
      "lerna": "^5.4.2"
    }
  }

yarn manifest: 
  No manifest

Lockfile: 
  No lockfile
