Arguments: 
  /usr/local/bin/node /usr/local/bin/yarn global bin

PATH: 
  info If you think this is a bug, please open a bug report with the information provided in "/home/olisaobiora/Desktop/ZeroDao/zerodao/packages/node/yarn-error.log".
  info Visit https://yarnpkg.com/en/docs/cli/global for documentation about this command.:/home/olisaobiora/.yarn/bin:/home/olisaobiora/.cargo/bin:/home/linuxbrew/.linuxbrew/bin:/home/linuxbrew/.linuxbrew/sbin:/usr/local/sbin:/usr/local/bin:/usr/sbin:/usr/bin:/sbin:/bin:/usr/games:/usr/local/games:/snap/bin

Yarn version: 
  1.22.17

Node version: 
  16.13.1

Platform: 
  linux x64

Trace: 
  SyntaxError: /home/olisaobiora/Desktop/ZeroDao/zerodao/packages/node/package.json: Unexpected token < in JSON at position 258
      at JSON.parse (<anonymous>)
      at /usr/local/lib/node_modules/yarn/lib/cli.js:1625:59
      at Generator.next (<anonymous>)
      at step (/usr/local/lib/node_modules/yarn/lib/cli.js:310:30)
      at /usr/local/lib/node_modules/yarn/lib/cli.js:321:13

npm manifest: 
  {
    "name": "@zerodao/node",
    "version": "1.0.0",
    "description": "cross-chain node",
    "main": "lib/index.js",
    "scripts": {
      "build": "tsc",
      "build:proto": "cross-env node scripts/compile-proto",
      "prettier": "prettier --write ./src.ts/**/*",
  <<<<<<< HEAD
      "test": "mocha --require ts-node/register 'test/sketch.test.ts'"
  =======
      "test": "mocha --exit --grep"
  >>>>>>> proto/zero-network
    },
    "repository": {
      "type": "git",
      "url": "https://github.com/zerodao-finance/zerodao.git"
    },
    "author": "zerodao",
    "license": "MIT",
    "dependencies": {
      "@ethereumjs/trie": "^5.0.1",
      "@ethereumjs/util": "^8.0.2",
      "@grpc/grpc-js": "^1.8.0",
      "@grpc/proto-loader": "^0.7.4",
      "@noble/bls12-381": "^1.4.0",
      "abstract-level": "^1.0.3",
      "grpc": "^1.24.11",
      "level": "^8.0.0",
      "lodash": "^4.17.21",
      "memory-level": "^1.0.0",
      "merkle-patricia-tree": "^4.2.4",
      "path": "0.12.7",
      "protoc": "^1.1.3",
      "ts-node": "^10.9.1",
      "typescript": "^4.9.3",
      "wrtc": "^0.4.7",
      "yargs": "17.6.2"
    },
    "devDependencies": {
      "@types/level": "^6.0.1",
      "@types/lodash": "^4.14.190",
      "@types/mocha": "^10.0.1",
      "@types/node": "^18.11.10",
      "chai": "^4.3.7",
      "cross-env": "^7.0.3",
      "mocha": "^10.2.0",
      "prettier": "^2.8.0",
      "sparse-merkle-tree": "^1.0.0",
      "ts-node": "^10.9.1"
    }
  }

yarn manifest: 
  No manifest

Lockfile: 
  No lockfile
