Arguments: 
  /Users/oobiora/.nvm/versions/node/v16.13.1/bin/node /usr/local/Cellar/yarn/1.22.17_2/libexec/lib/cli.js add -D @types/node

PATH: 
  /Users/oobiora/.nvm/versions/node/v16.13.1/bin:/Users/oobiora/bin:/usr/local/bin:/usr/bin:/bin:/usr/sbin:/sbin:/Applications/VMware Fusion.app/Contents/Public:/usr/local/go/bin:/Library/Apple/usr/bin:/Library/Frameworks/Mono.framework/Versions/Current/Commands:/Users/oobiora/.nvm/versions/node/v16.13.1/bin:/Users/oobiora/opt/anaconda3/bin:/Users/oobiora/opt/anaconda3/condabin:/Users/oobiora/bin:/Users/oobiora/.cargo/bin:/Users/oobiora/.local/bin:/Users/oobiora/.foundry/bin:/Users/oobiora/.local/bin:/Users/oobiora/.local/bin:/Users/oobiora/.foundry/bin:/Users/oobiora/.foundry/bin

Yarn version: 
  1.22.17

Node version: 
  16.13.1

Platform: 
  darwin x64

Trace: 
  Error: https://registry.yarnpkg.com/@zerodao%2fconstants: Not found
      at Request.params.callback [as _callback] (/usr/local/Cellar/yarn/1.22.17_2/libexec/lib/cli.js:67029:18)
      at Request.self.callback (/usr/local/Cellar/yarn/1.22.17_2/libexec/lib/cli.js:140883:22)
      at Request.emit (node:events:390:28)
      at Request.<anonymous> (/usr/local/Cellar/yarn/1.22.17_2/libexec/lib/cli.js:141855:10)
      at Request.emit (node:events:390:28)
      at IncomingMessage.<anonymous> (/usr/local/Cellar/yarn/1.22.17_2/libexec/lib/cli.js:141777:12)
      at Object.onceWrapper (node:events:509:28)
      at IncomingMessage.emit (node:events:402:35)
      at endReadableNT (node:internal/streams/readable:1343:12)
      at processTicksAndRejections (node:internal/process/task_queues:83:21)

npm manifest: 
  {
    "name": "@zerodao/common",
    "version": "0.1.0",
    "description": "zerodao utils",
    "main": "lib/index.js",
    "repository": "https://github.com/zerodao-finance/zerodao",
    "author": "protoeloka",
    "license": "MIT",
    "private": false,
    "scripts": {
      "build": "tsc",
      "test": "yarn build && jest"
    },
    "devDependencies": {
      "jest": "^28.1.2",
      "typescript": "^4.7.4"
    },
    "dependencies": {
      "@ethersproject/abstract-signer": "^5.6.2",
      "@ethersproject/hash": "^5.6.1",
      "@ethersproject/wallet": "^5.6.2",
      "@renproject/chains": "^3.3.0",
      "ethers": "^5.6.9",
      "hardhat-deploy-ethers": "^0.3.0-beta.13",
      "@zerodao/constants": "^1.0.0"
    }
  }

yarn manifest: 
  No manifest

Lockfile: 
  No lockfile
