Arguments: 
  /Users/oobiora/.nvm/versions/node/v16.13.1/bin/node /usr/local/Cellar/yarn/1.22.17_2/libexec/lib/cli.js add -D @types/node

PATH: 
  /Users/oobiora/.nvm/versions/node/v16.13.1/bin:/Users/oobiora/bin:/usr/local/bin:/usr/bin:/bin:/usr/sbin:/sbin:/Applications/VMware Fusion.app/Contents/Public:/usr/local/go/bin:/Library/Apple/usr/bin:/Library/Frameworks/Mono.framework/Versions/Current/Commands:/Users/oobiora/.nvm/versions/node/v16.13.1/bin:/Users/oobiora/opt/anaconda3/bin:/Users/oobiora/opt/anaconda3/condabin:/Users/oobiora/bin:/Users/oobiora/.cargo/bin:/Users/oobiora/.local/bin:/Users/oobiora/.foundry/bin:/Users/oobiora/.local/bin:/Users/oobiora/.local/bin:/Users/oobiora/.foundry/bin:/Users/oobiora/.foundry/bin

Yarn version: 
  1.22.17

Node version: 
  16.13.1

Platform: 
  darwin x64

Trace: 
  Error: https://registry.yarnpkg.com/@zerodao%2fconstants: Not found
      at Request.params.callback [as _callback] (/usr/local/Cellar/yarn/1.22.17_2/libexec/lib/cli.js:67029:18)
      at Request.self.callback (/usr/local/Cellar/yarn/1.22.17_2/libexec/lib/cli.js:140883:22)
      at Request.emit (node:events:390:28)
      at Request.<anonymous> (/usr/local/Cellar/yarn/1.22.17_2/libexec/lib/cli.js:141855:10)
      at Request.emit (node:events:390:28)
      at IncomingMessage.<anonymous> (/usr/local/Cellar/yarn/1.22.17_2/libexec/lib/cli.js:141777:12)
      at Object.onceWrapper (node:events:509:28)
      at IncomingMessage.emit (node:events:402:35)
      at endReadableNT (node:internal/streams/readable:1343:12)
      at processTicksAndRejections (node:internal/process/task_queues:83:21)

npm manifest: 
  {
    "name": "@zerodao/compute",
    "version": "0.1.0",
    "description": "zerodao sdk package",
    "main": "lib/index.js",
    "repository": "https://github.com/zerodao-finance/zerodao.git",
    "author": "protoeloka",
    "license": "MIT",
    "private": false,
    "dependencies": {
      "typescript": "^4.7.4",
      "@ethersproject/solidity": "^5.6.1",
      "@ethersproject/bytes": "^5.6.1",
      "@ethersproject/basex": "^5.6.1",
      "@ethersproject/contracts": "^5.6.1",
      "@ethersproject/providers": "^5.6.1",
      "@ethersproject/units": "^5.6.1",
      "@zerodao/constants": "0.1.0",
      "@traderjoe-xyz/sdk": "2.0.0",
      "ethers": "5.6.9"
    },
    "scripts": {
      "build": "tsc"
    }
  }

yarn manifest: 
  No manifest

Lockfile: 
  # THIS IS AN AUTOGENERATED FILE. DO NOT EDIT THIS FILE DIRECTLY.
  # yarn lockfile v1
  
  
  typescript@^4.7.4:
    version "4.7.4"
    resolved "https://registry.yarnpkg.com/typescript/-/typescript-4.7.4.tgz#1a88596d1cf47d59507a1bcdfb5b9dfe4d488235"
    integrity sha512-C0WQT0gezHuw6AdY1M2jxUO83Rjf0HP7Sk1DtXj6j1EwkQNZrHAg2XPWlq62oqEhYvONq5pkC2Y9oPljWToLmQ==
